0 info it worked if it ends with ok
1 verbose cli [ 'C:\\Program Files\\nodejs\\node.exe',
1 verbose cli   'C:\\Program Files\\nodejs\\node_modules\\npm\\bin\\npm-cli.js',
1 verbose cli   'run-script',
1 verbose cli   'e2e' ]
2 info using npm@3.10.3
3 info using node@v6.3.1
4 verbose run-script [ 'pree2e', 'e2e', 'poste2e' ]
5 info lifecycle ima-intervention@0.2.0~pree2e: ima-intervention@0.2.0
6 verbose lifecycle ima-intervention@0.2.0~pree2e: unsafe-perm in lifecycle true
7 verbose lifecycle ima-intervention@0.2.0~pree2e: PATH: C:\Program Files\nodejs\node_modules\npm\bin\node-gyp-bin;C:\Projets\IMAInter\node_modules\.bin;C:\Program Files\nodejs;C:\Program Files (x86)\Java\jre6\bin;C:\Program Files (x86)\Java\jre1.6.0_06\bin;C:\Program Files\Java\jre1.6.0_06\bin;C:\oracle\ora92\bin;C:\Program Files (x86)\Oracle\jre\1.3.1\bin;C:\Program Files (x86)\Oracle\jre\1.1.8\bin;C:\WINDOWS\system32;C:\WINDOWS;C:\WINDOWS\System32\Wbem;C:\WINDOWS\System32\WindowsPowerShell\v1.0\;c:\Program Files (x86)\Microsoft SQL Server\110\Tools\Binn\ManagementStudio\;c:\Program Files (x86)\Microsoft SQL Server\110\Tools\Binn\;c:\Program Files\Microsoft SQL Server\110\Tools\Binn\;c:\Program Files (x86)\Microsoft SQL Server\110\DTS\Binn\;C:\Program Files\Microsoft\Web Platform Installer\;C:\Program Files (x86)\Microsoft ASP.NET\ASP.NET Web Pages\v1.0\;C:\Program Files (x86)\Windows Kits\8.0\Windows Performance Toolkit\;C:\Program Files\Git\cmd;C:\Program Files\Git\mingw64\bin;C:\Program Files\Git\usr\bin;C:\Program Files\Microsoft SQL Server\120\Tools\Binn\;C:\Program Files (x86)\Microsoft SQL Server\Client SDK\ODBC\130\Tools\Binn\;C:\Program Files (x86)\Microsoft SQL Server\130\Tools\Binn\;C:\Program Files (x86)\Microsoft SQL Server\130\DTS\Binn\;C:\Program Files (x86)\Microsoft SQL Server\130\Tools\Binn\ManagementStudio\;C:\Program Files\nodejs\;C:\Program Files (x86)\Microsoft SDKs\Windows\v8.1A\bin\NETFX 4.5.1 Tools\x64;C:\Users\abreneli\AppData\Roaming\npm;C:\Program Files (x86)\Microsoft VS Code\bin;C:\Program Files (x86)\Android\android-sdk\tools
8 verbose lifecycle ima-intervention@0.2.0~pree2e: CWD: C:\Projets\IMAInter
9 silly lifecycle ima-intervention@0.2.0~pree2e: Args: [ '/d /s /c', 'npm run webdriver:update' ]
10 silly lifecycle ima-intervention@0.2.0~pree2e: Returned: code: 0  signal: null
11 info lifecycle ima-intervention@0.2.0~e2e: ima-intervention@0.2.0
12 verbose lifecycle ima-intervention@0.2.0~e2e: unsafe-perm in lifecycle true
13 verbose lifecycle ima-intervention@0.2.0~e2e: PATH: C:\Program Files\nodejs\node_modules\npm\bin\node-gyp-bin;C:\Projets\IMAInter\node_modules\.bin;C:\Program Files\nodejs;C:\Program Files (x86)\Java\jre6\bin;C:\Program Files (x86)\Java\jre1.6.0_06\bin;C:\Program Files\Java\jre1.6.0_06\bin;C:\oracle\ora92\bin;C:\Program Files (x86)\Oracle\jre\1.3.1\bin;C:\Program Files (x86)\Oracle\jre\1.1.8\bin;C:\WINDOWS\system32;C:\WINDOWS;C:\WINDOWS\System32\Wbem;C:\WINDOWS\System32\WindowsPowerShell\v1.0\;c:\Program Files (x86)\Microsoft SQL Server\110\Tools\Binn\ManagementStudio\;c:\Program Files (x86)\Microsoft SQL Server\110\Tools\Binn\;c:\Program Files\Microsoft SQL Server\110\Tools\Binn\;c:\Program Files (x86)\Microsoft SQL Server\110\DTS\Binn\;C:\Program Files\Microsoft\Web Platform Installer\;C:\Program Files (x86)\Microsoft ASP.NET\ASP.NET Web Pages\v1.0\;C:\Program Files (x86)\Windows Kits\8.0\Windows Performance Toolkit\;C:\Program Files\Git\cmd;C:\Program Files\Git\mingw64\bin;C:\Program Files\Git\usr\bin;C:\Program Files\Microsoft SQL Server\120\Tools\Binn\;C:\Program Files (x86)\Microsoft SQL Server\Client SDK\ODBC\130\Tools\Binn\;C:\Program Files (x86)\Microsoft SQL Server\130\Tools\Binn\;C:\Program Files (x86)\Microsoft SQL Server\130\DTS\Binn\;C:\Program Files (x86)\Microsoft SQL Server\130\Tools\Binn\ManagementStudio\;C:\Program Files\nodejs\;C:\Program Files (x86)\Microsoft SDKs\Windows\v8.1A\bin\NETFX 4.5.1 Tools\x64;C:\Users\abreneli\AppData\Roaming\npm;C:\Program Files (x86)\Microsoft VS Code\bin;C:\Program Files (x86)\Android\android-sdk\tools
14 verbose lifecycle ima-intervention@0.2.0~e2e: CWD: C:\Projets\IMAInter
15 silly lifecycle ima-intervention@0.2.0~e2e: Args: [ '/d /s /c',
15 silly lifecycle   'tsc && concurrently "http-server -s" "protractor protractor.config.js" --kill-others --success first' ]
16 silly lifecycle ima-intervention@0.2.0~e2e: Returned: code: 1  signal: null
17 info lifecycle ima-intervention@0.2.0~e2e: Failed to exec e2e script
18 verbose stack Error: ima-intervention@0.2.0 e2e: `tsc && concurrently "http-server -s" "protractor protractor.config.js" --kill-others --success first`
18 verbose stack Exit status 1
18 verbose stack     at EventEmitter.<anonymous> (C:\Program Files\nodejs\node_modules\npm\lib\utils\lifecycle.js:242:16)
18 verbose stack     at emitTwo (events.js:106:13)
18 verbose stack     at EventEmitter.emit (events.js:191:7)
18 verbose stack     at ChildProcess.<anonymous> (C:\Program Files\nodejs\node_modules\npm\lib\utils\spawn.js:40:14)
18 verbose stack     at emitTwo (events.js:106:13)
18 verbose stack     at ChildProcess.emit (events.js:191:7)
18 verbose stack     at maybeClose (internal/child_process.js:852:16)
18 verbose stack     at Process.ChildProcess._handle.onexit (internal/child_process.js:215:5)
19 verbose pkgid ima-intervention@0.2.0
20 verbose cwd C:\Projets\IMAInter
21 error Windows_NT 6.1.7601
22 error argv "C:\\Program Files\\nodejs\\node.exe" "C:\\Program Files\\nodejs\\node_modules\\npm\\bin\\npm-cli.js" "run-script" "e2e"
23 error node v6.3.1
24 error npm  v3.10.3
25 error code ELIFECYCLE
26 error ima-intervention@0.2.0 e2e: `tsc && concurrently "http-server -s" "protractor protractor.config.js" --kill-others --success first`
26 error Exit status 1
27 error Failed at the ima-intervention@0.2.0 e2e script 'tsc && concurrently "http-server -s" "protractor protractor.config.js" --kill-others --success first'.
27 error Make sure you have the latest version of node.js and npm installed.
27 error If you do, this is most likely a problem with the ima-intervention package,
27 error not with npm itself.
27 error Tell the author that this fails on your system:
27 error     tsc && concurrently "http-server -s" "protractor protractor.config.js" --kill-others --success first
27 error You can get information on how to open an issue for this project with:
27 error     npm bugs ima-intervention
27 error Or if that isn't available, you can get their info via:
27 error     npm owner ls ima-intervention
27 error There is likely additional logging output above.
28 verbose exit [ 1, true ]
